<?xml version="1.0" encoding="UTF-8"?>
<!-- Generated by org.testng.reporters.JUnitXMLReporter -->
<testsuite hostname="DESKTOP-P90V53U" failures="0" tests="5" name="Default test" time="111.833" errors="0" timestamp="19 Feb 2024 05:54:27 GMT">
  <testcase classname="com.salesforce.automation.AutomationScripts_LogIn" name="forgotPassword4a" time="25.819"/>
  <testcase classname="com.salesforce.automation.AutomationScripts_LogIn" name="forgotPassword4b" time="21.425"/>
  <testcase classname="com.salesforce.automation.AutomationScripts_LogIn" name="loginErrorMessage1" time="0.0">
    <skipped/>
  </testcase> <!-- loginErrorMessage1 -->
  <testcase classname="com.salesforce.automation.AutomationScripts_LogIn" name="loginSalesforce2" time="26.03"/>
  <testcase classname="com.salesforce.automation.AutomationScripts_LogIn" name="rememberMe3" time="38.521"/>
</testsuite> <!-- Default test -->
