<?xml version="1.0" encoding="UTF-8"?>
<testsuite xmlns:xsi="http://www.w3.org/2001/XMLSchema-instance" xsi:noNamespaceSchemaLocation="https://maven.apache.org/surefire/maven-surefire-plugin/xsd/surefire-test-report-3.0.xsd" version="3.0" name="TestSuite" time="110.841" tests="3" errors="0" skipped="0" failures="0">
  <properties>
[...]
</properties>
  <testcase name="TC10b_CreateAccount" classname="com.salesforce.automation.AutomationScripts_Accnts" time="43.913">
    <system-out><![CDATA[2024-02-20 02:35:12,662 INFO  BaseTest.java:43 - Inside beforeSuite setUpSuite
2024-02-20 02:35:12,672 INFO  MyListenerUtility.java:47 - TestAccnts has started....................
2024-02-20 02:35:12,864 INFO  BaseTest.java:53 - Inside beforeTest setUpTest
2024-02-20 02:35:12,880 INFO  BaseTest.java:63 - Inside beforeclass setUpClass
2024-02-20 02:35:12,891 INFO  MyListenerUtility.java:19 - TC10b_CreateAccount.......test execution started........
2024-02-20 02:35:15,554 INFO  BaseTest.java:78 - browser instance chrome created.
2024-02-20 02:35:15,685 INFO  BaseTest.java:81 - window is maximized
2024-02-20 02:35:17,619 INFO  BaseTest.java:131 - https://tekarch-ea-dev-ed.develop.my.salesforce.com/is entered
2024-02-20 02:35:18,806 INFO  BaseTest.java:165 - [[ChromeDriver: chrome on WINDOWS (3e453c4083add8d60c6b81ca1df0f552)] -> id: username]data is entered in username textbox
2024-02-20 02:35:18,928 INFO  BaseTest.java:165 - [[ChromeDriver: chrome on WINDOWS (3e453c4083add8d60c6b81ca1df0f552)] -> id: password]data is entered in password textbox
2024-02-20 02:35:29,189 INFO  BaseTest.java:138 - loginbutton is clicked
2024-02-20 02:35:39,657 INFO  BaseTest.java:165 - [[ChromeDriver: chrome on WINDOWS (3e453c4083add8d60c6b81ca1df0f552)] -> id: acc2]data is entered in cmpnyName textbox
2024-02-20 02:35:56,798 INFO  BaseTest.java:221 - browser instance closed
2024-02-20 02:35:56,801 INFO  MyListenerUtility.java:26 - TC10b_CreateAccount.......test execution completed with success........
]]></system-out>
    <system-err><![CDATA[SLF4J: No SLF4J providers were found.
SLF4J: Defaulting to no-operation (NOP) logger implementation
SLF4J: See https://www.slf4j.org/codes.html#noProviders for further details.
Starting ChromeDriver 121.0.6167.184 (057a8ae7deb3374d0f1b04b36304d236f0136188-refs/branch-heads/6167@{#1818}) on port 35266
Only local connections are allowed.
Please see https://chromedriver.chromium.org/security-considerations for suggestions on keeping ChromeDriver safe.
ChromeDriver was started successfully.
Feb 20, 2024 2:35:15 AM org.openqa.selenium.remote.ProtocolHandshake createSession
INFO: Detected dialect: W3C
]]></system-err>
  </testcase>
  <testcase name="TC11_Createnewview" classname="com.salesforce.automation.AutomationScripts_Accnts" time="27.615">
    <system-out><![CDATA[2024-02-20 02:35:56,804 INFO  MyListenerUtility.java:19 - TC11_Createnewview.......test execution started........
2024-02-20 02:35:58,200 INFO  BaseTest.java:78 - browser instance chrome created.
2024-02-20 02:35:58,330 INFO  BaseTest.java:81 - window is maximized
2024-02-20 02:36:00,367 INFO  BaseTest.java:131 - https://tekarch-ea-dev-ed.develop.my.salesforce.com/is entered
2024-02-20 02:36:01,546 INFO  BaseTest.java:165 - [[ChromeDriver: chrome on WINDOWS (eb97161cbc042c801df73940493af75e)] -> id: username]data is entered in username textbox
2024-02-20 02:36:01,686 INFO  BaseTest.java:165 - [[ChromeDriver: chrome on WINDOWS (eb97161cbc042c801df73940493af75e)] -> id: password]data is entered in password textbox
2024-02-20 02:36:07,890 INFO  BaseTest.java:138 - loginbutton is clicked
2024-02-20 02:36:24,423 INFO  BaseTest.java:221 - browser instance closed
2024-02-20 02:36:24,423 INFO  MyListenerUtility.java:26 - TC11_Createnewview.......test execution completed with success........
]]></system-out>
    <system-err><![CDATA[Starting ChromeDriver 121.0.6167.184 (057a8ae7deb3374d0f1b04b36304d236f0136188-refs/branch-heads/6167@{#1818}) on port 7905
Only local connections are allowed.
Please see https://chromedriver.chromium.org/security-considerations for suggestions on keeping ChromeDriver safe.
ChromeDriver was started successfully.
Feb 20, 2024 2:35:58 AM org.openqa.selenium.remote.ProtocolHandshake createSession
INFO: Detected dialect: W3C
]]></system-err>
  </testcase>
  <testcase name="TC12_Editview" classname="com.salesforce.automation.AutomationScripts_Accnts" time="37.126">
    <system-out><![CDATA[2024-02-20 02:36:24,423 INFO  MyListenerUtility.java:19 - TC12_Editview.......test execution started........
2024-02-20 02:36:25,841 INFO  BaseTest.java:78 - browser instance chrome created.
2024-02-20 02:36:25,978 INFO  BaseTest.java:81 - window is maximized
2024-02-20 02:36:27,647 INFO  BaseTest.java:131 - https://tekarch-ea-dev-ed.develop.my.salesforce.com/is entered
2024-02-20 02:36:29,269 INFO  BaseTest.java:165 - [[ChromeDriver: chrome on WINDOWS (3a724da8e83c6489dc2ae0aa490fcfb2)] -> id: username]data is entered in username textbox
2024-02-20 02:36:29,383 INFO  BaseTest.java:165 - [[ChromeDriver: chrome on WINDOWS (3a724da8e83c6489dc2ae0aa490fcfb2)] -> id: password]data is entered in password textbox
2024-02-20 02:36:32,758 INFO  BaseTest.java:138 - loginbutton is clicked
2024-02-20 02:37:01,545 INFO  BaseTest.java:221 - browser instance closed
2024-02-20 02:37:01,549 INFO  MyListenerUtility.java:26 - TC12_Editview.......test execution completed with success........
]]></system-out>
    <system-err><![CDATA[Starting ChromeDriver 121.0.6167.184 (057a8ae7deb3374d0f1b04b36304d236f0136188-refs/branch-heads/6167@{#1818}) on port 45069
Only local connections are allowed.
Please see https://chromedriver.chromium.org/security-considerations for suggestions on keeping ChromeDriver safe.
ChromeDriver was started successfully.
Feb 20, 2024 2:36:25 AM org.openqa.selenium.remote.ProtocolHandshake createSession
INFO: Detected dialect: W3C
]]></system-err>
  </testcase>
</testsuite>