<?xml version="1.0" encoding="UTF-8"?>
<testng-results ignored="3" total="6" passed="3" failed="0" skipped="0">
  <reporter-output>
  </reporter-output>
  <suite started-at="2024-02-20T02:35:12 PST" name="mysuiteTesting" finished-at="2024-02-20T02:37:01 PST" duration-ms="108882">
    <groups>
    </groups>
    <test started-at="2024-02-20T02:35:12 PST" name="TestAccnts" finished-at="2024-02-20T02:37:01 PST" duration-ms="108882">
      <class name="com.salesforce.automation.AutomationScripts_Accnts">
        <test-method is-config="true" signature="setUpSuite()[pri:0, instance:com.salesforce.automation.AutomationScripts_Accnts@6d9f7a80]" started-at="2024-02-20T02:35:12 PST" name="setUpSuite" finished-at="2024-02-20T02:35:12 PST" duration-ms="22" status="PASS">
          <reporter-output>
          </reporter-output>
        </test-method> <!-- setUpSuite -->
        <test-method is-config="true" signature="setUpTest()[pri:0, instance:com.salesforce.automation.AutomationScripts_Accnts@6d9f7a80]" started-at="2024-02-20T02:35:12 PST" name="setUpTest" finished-at="2024-02-20T02:35:12 PST" duration-ms="0" status="PASS">
          <reporter-output>
          </reporter-output>
        </test-method> <!-- setUpTest -->
        <test-method is-config="true" signature="setUpClass()[pri:0, instance:com.salesforce.automation.AutomationScripts_Accnts@6d9f7a80]" started-at="2024-02-20T02:35:12 PST" name="setUpClass" finished-at="2024-02-20T02:35:12 PST" duration-ms="1" status="PASS">
          <reporter-output>
          </reporter-output>
        </test-method> <!-- setUpClass -->
        <test-method signature="TC10b_CreateAccount()[pri:0, instance:com.salesforce.automation.AutomationScripts_Accnts@6d9f7a80]" started-at="2024-02-20T02:35:12 PST" name="TC10b_CreateAccount" finished-at="2024-02-20T02:35:56 PST" duration-ms="43908" status="PASS">
          <reporter-output>
          </reporter-output>
        </test-method> <!-- TC10b_CreateAccount -->
        <test-method signature="TC11_Createnewview()[pri:0, instance:com.salesforce.automation.AutomationScripts_Accnts@6d9f7a80]" started-at="2024-02-20T02:35:56 PST" name="TC11_Createnewview" finished-at="2024-02-20T02:36:24 PST" duration-ms="27619" status="PASS">
          <reporter-output>
          </reporter-output>
        </test-method> <!-- TC11_Createnewview -->
        <test-method signature="TC12_Editview()[pri:0, instance:com.salesforce.automation.AutomationScripts_Accnts@6d9f7a80]" started-at="2024-02-20T02:36:24 PST" name="TC12_Editview" finished-at="2024-02-20T02:37:01 PST" duration-ms="37126" status="PASS">
          <reporter-output>
          </reporter-output>
        </test-method> <!-- TC12_Editview -->
        <test-method is-config="true" signature="tearDownClass()[pri:0, instance:com.salesforce.automation.AutomationScripts_Accnts@6d9f7a80]" started-at="2024-02-20T02:37:01 PST" name="tearDownClass" finished-at="2024-02-20T02:37:01 PST" duration-ms="0" status="PASS">
          <reporter-output>
          </reporter-output>
        </test-method> <!-- tearDownClass -->
        <test-method is-config="true" signature="tearDownTest()[pri:0, instance:com.salesforce.automation.AutomationScripts_Accnts@6d9f7a80]" started-at="2024-02-20T02:37:01 PST" name="tearDownTest" finished-at="2024-02-20T02:37:01 PST" duration-ms="0" status="PASS">
          <reporter-output>
          </reporter-output>
        </test-method> <!-- tearDownTest -->
        <test-method is-config="true" signature="tearDownSuite()[pri:0, instance:com.salesforce.automation.AutomationScripts_Accnts@6d9f7a80]" started-at="2024-02-20T02:37:02 PST" name="tearDownSuite" finished-at="2024-02-20T02:37:02 PST" duration-ms="2" status="PASS">
          <reporter-output>
          </reporter-output>
        </test-method> <!-- tearDownSuite -->
      </class> <!-- com.salesforce.automation.AutomationScripts_Accnts -->
    </test> <!-- TestAccnts -->
  </suite> <!-- mysuiteTesting -->
</testng-results>
