<?xml version="1.0" encoding="UTF-8"?>
<!-- Generated by org.testng.reporters.JUnitXMLReporter -->
<testsuite ignored="0" hostname="DESKTOP-P90V53U" failures="0" tests="5" name="TestRndm" time="222.758" errors="0" timestamp="2024-02-19T20:07:20 PST">
  <testcase classname="com.salesforce.automation.AutomationScripts_Random" name="Random_TC33" time="25.261"/>
  <testcase classname="com.salesforce.automation.AutomationScripts_Random" name="Random_TC34" time="44.075"/>
  <testcase classname="com.salesforce.automation.AutomationScripts_Random" name="Random_TC35" time="49.196"/>
  <testcase classname="com.salesforce.automation.AutomationScripts_Random" name="Random_TC36" time="47.999"/>
  <testcase classname="com.salesforce.automation.AutomationScripts_Random" name="Random_TC37" time="56.2"/>
</testsuite> <!-- TestRndm -->
