<?xml version="1.0" encoding="UTF-8"?>
<!-- Generated by org.testng.reporters.JUnitXMLReporter -->
<testsuite ignored="1" hostname="DESKTOP-P90V53U" failures="0" tests="4" name="TestMenubar" time="171.078" errors="0" timestamp="2024-02-19T20:00:41 PST">
  <testcase classname="com.salesforce.automation.AutomationScripts_Menubar" name="menuDropDown_TC05" time="26.595"/>
  <testcase classname="com.salesforce.automation.AutomationScripts_Menubar" name="menuDropDown_TC06" time="103.391"/>
  <testcase classname="com.salesforce.automation.AutomationScripts_Menubar" name="menuDropDown_TC08" time="23.212"/>
  <testcase classname="com.salesforce.automation.AutomationScripts_Menubar" name="menuDropDown_TC09" time="17.858"/>
  <testcase classname="com.salesforce.automation.AutomationScripts_Menubar" name="menuDropDown_TC07" time="0.0">
    <ignored/>
  </testcase> <!-- menuDropDown_TC07 -->
</testsuite> <!-- TestMenubar -->
