<?xml version="1.0" encoding="UTF-8"?>
<!-- Generated by org.testng.reporters.JUnitXMLReporter -->
<testsuite ignored="0" hostname="DESKTOP-P90V53U" failures="0" tests="5" name="TestLeads" time="162.47" errors="0" timestamp="2024-02-19T19:55:57 PST">
  <testcase classname="com.salesforce.automation.AutomationScripts_Leads" name="TC20_leadsTab" time="28.153"/>
  <testcase classname="com.salesforce.automation.AutomationScripts_Leads" name="TC21_leadsSelectView" time="26.316"/>
  <testcase classname="com.salesforce.automation.AutomationScripts_Leads" name="TC22_defaultView" time="46.04"/>
  <testcase classname="com.salesforce.automation.AutomationScripts_Leads" name="TC23" time="25.958"/>
  <testcase classname="com.salesforce.automation.AutomationScripts_Leads" name="TC24" time="35.977"/>
</testsuite> <!-- TestLeads -->
