<?xml version="1.0" encoding="UTF-8"?>
<!-- Generated by org.testng.reporters.JUnitXMLReporter -->
<testsuite ignored="0" hostname="DESKTOP-P90V53U" failures="0" tests="6" name="TestOpty" time="176.115" errors="0" timestamp="2024-02-19T20:03:37 PST">
  <testcase classname="com.salesforce.automation.AutomationScripts_Opty" name="createNewOpty_TC16" time="50.406"/>
  <testcase classname="com.salesforce.automation.AutomationScripts_Opty" name="optyDropDown_TC15" time="20.546"/>
  <testcase classname="com.salesforce.automation.AutomationScripts_Opty" name="optyPipelineReport_TC17" time="20.783"/>
  <testcase classname="com.salesforce.automation.AutomationScripts_Opty" name="qtrlySummRprt_TC19" time="26.617"/>
  <testcase classname="com.salesforce.automation.AutomationScripts_Opty" name="selectDateDynmc" time="32.463"/>
  <testcase classname="com.salesforce.automation.AutomationScripts_Opty" name="stuckOptyReport_TC18" time="25.274"/>
</testsuite> <!-- TestOpty -->
