<?xml version="1.0" encoding="UTF-8"?>
<!-- Generated by org.testng.reporters.JUnitXMLReporter -->
<testsuite ignored="0" hostname="DESKTOP-P90V53U" failures="0" tests="8" name="TestContacts" time="197.895" errors="0" timestamp="2024-02-19T19:53:14 PST">
  <testcase classname="com.salesforce.automation.AutomationScripts_Contacts" name="contacts_TC25" time="29.35"/>
  <testcase classname="com.salesforce.automation.AutomationScripts_Contacts" name="contacts_TC26" time="27.536"/>
  <testcase classname="com.salesforce.automation.AutomationScripts_Contacts" name="contacts_TC27" time="17.629"/>
  <testcase classname="com.salesforce.automation.AutomationScripts_Contacts" name="contacts_TC28" time="17.238"/>
  <testcase classname="com.salesforce.automation.AutomationScripts_Contacts" name="contacts_TC29" time="20.326"/>
  <testcase classname="com.salesforce.automation.AutomationScripts_Contacts" name="contacts_TC30" time="25.806"/>
  <testcase classname="com.salesforce.automation.AutomationScripts_Contacts" name="contacts_TC31" time="30.749"/>
  <testcase classname="com.salesforce.automation.AutomationScripts_Contacts" name="contacts_TC32" time="29.225"/>
</testsuite> <!-- TestContacts -->
