<?xml version="1.0" encoding="UTF-8"?>
<!-- Generated by org.testng.reporters.JUnitXMLReporter -->
<testsuite ignored="3" hostname="DESKTOP-P90V53U" failures="0" tests="3" name="TestAccnts" time="101.023" errors="0" timestamp="2024-02-19T19:49:56 PST">
  <testcase classname="com.salesforce.automation.AutomationScripts_Accnts" name="TC10b_CreateAccount" time="38.947"/>
  <testcase classname="com.salesforce.automation.AutomationScripts_Accnts" name="TC11_Createnewview" time="26.184"/>
  <testcase classname="com.salesforce.automation.AutomationScripts_Accnts" name="TC12_Editview" time="35.464"/>
  <testcase classname="com.salesforce.automation.AutomationScripts_Accnts" name="TC14_accntReport" time="0.0">
    <ignored/>
  </testcase> <!-- TC14_accntReport -->
  <testcase classname="com.salesforce.automation.AutomationScripts_Accnts" name="TC10a_CreateAccount" time="0.0">
    <ignored/>
  </testcase> <!-- TC10a_CreateAccount -->
  <testcase classname="com.salesforce.automation.AutomationScripts_Accnts" name="TC13_MergeAccounts" time="0.0">
    <ignored/>
  </testcase> <!-- TC13_MergeAccounts -->
</testsuite> <!-- TestAccnts -->
