<?xml version="1.0" encoding="UTF-8"?>
<!-- Generated by org.testng.reporters.JUnitXMLReporter -->
<testsuite hostname="DESKTOP-P90V53U" failures="0" tests="5" name="TestOpty" time="113.398" errors="0" timestamp="17 Feb 2024 21:18:20 GMT">
  <testcase classname="com.salesforce.automation.AutomationScripts_LogIn" name="loginSalesforce2" time="27.982"/>
  <testcase classname="com.salesforce.automation.AutomationScripts_LogIn" name="forgotPassword4b" time="22.71"/>
  <testcase classname="com.salesforce.automation.AutomationScripts_LogIn" name="forgotPassword4a" time="26.948"/>
  <testcase classname="com.salesforce.automation.AutomationScripts_LogIn" name="loginErrorMessage1" time="0.0">
    <skipped/>
  </testcase> <!-- loginErrorMessage1 -->
  <testcase classname="com.salesforce.automation.AutomationScripts_LogIn" name="rememberMe3" time="35.746"/>
</testsuite> <!-- TestOpty -->
