<?xml version="1.0" encoding="UTF-8"?>
<!-- Generated by org.testng.reporters.JUnitXMLReporter -->
<testsuite hostname="DESKTOP-P90V53U" failures="0" tests="6" name="TestNew2" time="0.115" errors="0" timestamp="9 Feb 2024 17:44:40 GMT">
  <testcase classname="com.testng.day1.TestNgTestOne" name="testscript_2" time="0.003"/>
  <testcase classname="com.testng.day1.TestNgTestTwo" name="testscript_1" time="0.004"/>
  <testcase classname="com.testng.day1.TestNgTestTwo" name="testscript_2" time="0.009"/>
  <testcase classname="com.testng.day1.TestNgTestTwo" name="testscript_3" time="0.004"/>
  <testcase classname="com.testng.day1.TestNgTestOne" name="testscript_1" time="0.003"/>
  <testcase classname="com.testng.day1.TestNgTestOne" name="testscript_3" time="0.01"/>
</testsuite> <!-- TestNew2 -->
