<?xml version="1.0" encoding="UTF-8"?>
<!-- Generated by org.testng.reporters.JUnitXMLReporter -->
<testsuite ignored="3" hostname="DESKTOP-P90V53U" failures="0" tests="3" name="TestAccnts" time="108.882" errors="0" timestamp="2024-02-20T02:37:02 PST">
  <testcase classname="com.salesforce.automation.AutomationScripts_Accnts" name="TC10b_CreateAccount" time="43.908"/>
  <testcase classname="com.salesforce.automation.AutomationScripts_Accnts" name="TC11_Createnewview" time="27.619"/>
  <testcase classname="com.salesforce.automation.AutomationScripts_Accnts" name="TC12_Editview" time="37.126"/>
  <testcase classname="com.salesforce.automation.AutomationScripts_Accnts" name="TC14_accntReport" time="0.0">
    <ignored/>
  </testcase> <!-- TC14_accntReport -->
  <testcase classname="com.salesforce.automation.AutomationScripts_Accnts" name="TC13_MergeAccounts" time="0.0">
    <ignored/>
  </testcase> <!-- TC13_MergeAccounts -->
  <testcase classname="com.salesforce.automation.AutomationScripts_Accnts" name="TC10a_CreateAccount" time="0.0">
    <ignored/>
  </testcase> <!-- TC10a_CreateAccount -->
</testsuite> <!-- TestAccnts -->
